wandb: Currently logged in as: weikang-kong (weikang-kong-kaust) to https://api.wandb.ai. Use `wandb login --relogin` to force relogin
wandb: setting up run eiqjjbn6
wandb: Tracking run with wandb version 0.22.3
wandb: Run data is saved locally in /ibex/project/c2266/wkkong/data/CAEMLSH/data_workstation/CAMELSH/training_runs/wandb/wandb/run-20260408_134741-eiqjjbn6
wandb: Run `wandb offline` to turn off syncing.
wandb: Syncing run mtslstm_100stations_tune_idx11_bs128_do0.4_hs256_H168_D365_1775645259
wandb: ⭐️ View project at https://wandb.ai/weikang-kong-kaust/MTSLSTM_Streamflow
wandb: 🚀 View run at https://wandb.ai/weikang-kong-kaust/MTSLSTM_Streamflow/runs/eiqjjbn6
wandb: updating run metadata
wandb: uploading history steps 13-13, summary, console lines 34-35; uploading wandb-summary.json; uploading output.log
wandb: uploading history steps 13-13, summary, console lines 34-35; uploading wandb-summary.json; uploading output.log; uploading config.yaml
wandb: uploading config.yaml
wandb: uploading data
wandb: 
wandb: Run history:
wandb:              lr █████████▁▁▁▁▁
wandb: test/median_kge ▁
wandb: test/median_nse ▁
wandb:      train_loss █▃▂▂▂▂▂▂▁▁▁▁▁▁
wandb:  val/median_kge ▁
wandb:  val/median_nse ▁
wandb:        val_loss █▅▅▁▃▂▄▂▅▂▂▃▄▆
wandb: 
wandb: Run summary:
wandb:              lr 0.0001
wandb: test/median_kge 0.67526
wandb: test/median_nse 0.69188
wandb:      train_loss 0.03102
wandb:  val/median_kge 0.72362
wandb:  val/median_nse 0.71402
wandb:        val_loss 0.16147
wandb: 
wandb: 🚀 View run mtslstm_100stations_tune_idx11_bs128_do0.4_hs256_H168_D365_1775645259 at: https://wandb.ai/weikang-kong-kaust/MTSLSTM_Streamflow/runs/eiqjjbn6
wandb: ⭐️ View project at: https://wandb.ai/weikang-kong-kaust/MTSLSTM_Streamflow
wandb: Synced 5 W&B file(s), 0 media file(s), 0 artifact file(s) and 0 other file(s)
wandb: Find logs at: /ibex/project/c2266/wkkong/data/CAEMLSH/data_workstation/CAMELSH/training_runs/wandb/wandb/run-20260408_134741-eiqjjbn6/logs
