wandb: Currently logged in as: weikang-kong (weikang-kong-kaust) to https://api.wandb.ai. Use `wandb login --relogin` to force relogin
wandb: setting up run m3wmyu0t
wandb: Tracking run with wandb version 0.22.3
wandb: Run data is saved locally in /ibex/project/c2266/wkkong/data/CAEMLSH/data_workstation/CAMELSH/training_runs/wandb/wandb/run-20260408_065744-m3wmyu0t
wandb: Run `wandb offline` to turn off syncing.
wandb: Syncing run mtslstm_100stations_tune_idx8_bs256_do0.4_hs128_H168_D365_1775620663
wandb: ⭐️ View project at https://wandb.ai/weikang-kong-kaust/MTSLSTM_Streamflow
wandb: 🚀 View run at https://wandb.ai/weikang-kong-kaust/MTSLSTM_Streamflow/runs/m3wmyu0t
wandb: uploading data; updating run metadata
wandb: uploading data; updating run metadata; uploading output.log; uploading wandb-summary.json
wandb: uploading output.log; uploading wandb-summary.json; uploading config.yaml
wandb: uploading config.yaml
wandb: uploading history steps 20-20, summary, console lines 49-50
wandb: 
wandb: Run history:
wandb:              lr █████████▁▁▁▁▁▁▁▁▁▁▁▁
wandb: test/median_kge ▁
wandb: test/median_nse ▁
wandb:      train_loss █▃▂▂▂▂▂▂▁▁▁▁▁▁▁▁▁▁▁▁▁
wandb:  val/median_kge ▁
wandb:  val/median_nse ▁
wandb:        val_loss ▄█▁▂▂▁▁▂▁▁▁▁▁▁▂▂▂▂▃▃▂
wandb: 
wandb: Run summary:
wandb:              lr 0.0001
wandb: test/median_kge 0.70173
wandb: test/median_nse 0.64391
wandb:      train_loss 0.04298
wandb:  val/median_kge 0.7608
wandb:  val/median_nse 0.67469
wandb:        val_loss 0.1711
wandb: 
wandb: 🚀 View run mtslstm_100stations_tune_idx8_bs256_do0.4_hs128_H168_D365_1775620663 at: https://wandb.ai/weikang-kong-kaust/MTSLSTM_Streamflow/runs/m3wmyu0t
wandb: ⭐️ View project at: https://wandb.ai/weikang-kong-kaust/MTSLSTM_Streamflow
wandb: Synced 5 W&B file(s), 0 media file(s), 0 artifact file(s) and 0 other file(s)
wandb: Find logs at: /ibex/project/c2266/wkkong/data/CAEMLSH/data_workstation/CAMELSH/training_runs/wandb/wandb/run-20260408_065744-m3wmyu0t/logs
