W&B online. Running your script from this directory will now sync to the cloud.
Using device: cuda
Run hparams: {'lookback_hourly': 168, 'lookback_daily': 365, 'batch_size': 256, 'hidden_size_daily': 256, 'hidden_size_hourly': 256, 'num_layers': 1, 'dropout': 0.4, 'lr': 0.0005, 'lr_schedule': '1:5e-4,10:1e-4,25:5e-5', 'epochs': 100, 'loss': 'nse_loss', 'reg_lambda': 1.0, 'early_stopping': True, 'patience': 10}
Aliased 90 station IDs in static features: 03535400, 01409000, 03262700, 0204382800, 01605500, 03288200, 03168000, 01486500, 01613050, 03201980 ...
Total valid samples: 5754695
Total valid samples: 2514258
Total valid samples: 3803952
Epoch 1/100 | Train Loss: 0.800311 | Val Loss: 0.188142
Best model saved.
Checkpoint saved to /ibex/project/c2266/wkkong/data/CAEMLSH/data_workstation/CAMELSH/training_runs/20260407_mtslstm_100stations_tuning_topo18_v100/idx12_bs256_do0.4_hs256_H168_D365/checkpoint.pth
Epoch 2/100 | Train Loss: 0.209941 | Val Loss: 0.154943
Best model saved.
Checkpoint saved to /ibex/project/c2266/wkkong/data/CAEMLSH/data_workstation/CAMELSH/training_runs/20260407_mtslstm_100stations_tuning_topo18_v100/idx12_bs256_do0.4_hs256_H168_D365/checkpoint.pth
Epoch 3/100 | Train Loss: 0.170706 | Val Loss: 0.161236
Checkpoint saved to /ibex/project/c2266/wkkong/data/CAEMLSH/data_workstation/CAMELSH/training_runs/20260407_mtslstm_100stations_tuning_topo18_v100/idx12_bs256_do0.4_hs256_H168_D365/checkpoint.pth
Epoch 4/100 | Train Loss: 0.133286 | Val Loss: 0.142686
Best model saved.
Checkpoint saved to /ibex/project/c2266/wkkong/data/CAEMLSH/data_workstation/CAMELSH/training_runs/20260407_mtslstm_100stations_tuning_topo18_v100/idx12_bs256_do0.4_hs256_H168_D365/checkpoint.pth
Epoch 5/100 | Train Loss: 0.115491 | Val Loss: 0.220585
Checkpoint saved to /ibex/project/c2266/wkkong/data/CAEMLSH/data_workstation/CAMELSH/training_runs/20260407_mtslstm_100stations_tuning_topo18_v100/idx12_bs256_do0.4_hs256_H168_D365/checkpoint.pth
Epoch 6/100 | Train Loss: 0.106337 | Val Loss: 0.158279
Checkpoint saved to /ibex/project/c2266/wkkong/data/CAEMLSH/data_workstation/CAMELSH/training_runs/20260407_mtslstm_100stations_tuning_topo18_v100/idx12_bs256_do0.4_hs256_H168_D365/checkpoint.pth
Epoch 7/100 | Train Loss: 0.095527 | Val Loss: 0.149115
Checkpoint saved to /ibex/project/c2266/wkkong/data/CAEMLSH/data_workstation/CAMELSH/training_runs/20260407_mtslstm_100stations_tuning_topo18_v100/idx12_bs256_do0.4_hs256_H168_D365/checkpoint.pth
Epoch 8/100 | Train Loss: 0.083758 | Val Loss: 0.145456
Checkpoint saved to /ibex/project/c2266/wkkong/data/CAEMLSH/data_workstation/CAMELSH/training_runs/20260407_mtslstm_100stations_tuning_topo18_v100/idx12_bs256_do0.4_hs256_H168_D365/checkpoint.pth
Epoch 9/100 | Train Loss: 0.078958 | Val Loss: 0.150522
Checkpoint saved to /ibex/project/c2266/wkkong/data/CAEMLSH/data_workstation/CAMELSH/training_runs/20260407_mtslstm_100stations_tuning_topo18_v100/idx12_bs256_do0.4_hs256_H168_D365/checkpoint.pth
Epoch 10/100 | Train Loss: 0.049806 | Val Loss: 0.141798
Best model saved.
Checkpoint saved to /ibex/project/c2266/wkkong/data/CAEMLSH/data_workstation/CAMELSH/training_runs/20260407_mtslstm_100stations_tuning_topo18_v100/idx12_bs256_do0.4_hs256_H168_D365/checkpoint.pth
Epoch 11/100 | Train Loss: 0.045288 | Val Loss: 0.146017
Checkpoint saved to /ibex/project/c2266/wkkong/data/CAEMLSH/data_workstation/CAMELSH/training_runs/20260407_mtslstm_100stations_tuning_topo18_v100/idx12_bs256_do0.4_hs256_H168_D365/checkpoint.pth
Epoch 12/100 | Train Loss: 0.041744 | Val Loss: 0.147445
Checkpoint saved to /ibex/project/c2266/wkkong/data/CAEMLSH/data_workstation/CAMELSH/training_runs/20260407_mtslstm_100stations_tuning_topo18_v100/idx12_bs256_do0.4_hs256_H168_D365/checkpoint.pth
Epoch 13/100 | Train Loss: 0.040284 | Val Loss: 0.145633
Checkpoint saved to /ibex/project/c2266/wkkong/data/CAEMLSH/data_workstation/CAMELSH/training_runs/20260407_mtslstm_100stations_tuning_topo18_v100/idx12_bs256_do0.4_hs256_H168_D365/checkpoint.pth
Epoch 14/100 | Train Loss: 0.038426 | Val Loss: 0.150368
Checkpoint saved to /ibex/project/c2266/wkkong/data/CAEMLSH/data_workstation/CAMELSH/training_runs/20260407_mtslstm_100stations_tuning_topo18_v100/idx12_bs256_do0.4_hs256_H168_D365/checkpoint.pth
Epoch 15/100 | Train Loss: 0.035822 | Val Loss: 0.147932
Checkpoint saved to /ibex/project/c2266/wkkong/data/CAEMLSH/data_workstation/CAMELSH/training_runs/20260407_mtslstm_100stations_tuning_topo18_v100/idx12_bs256_do0.4_hs256_H168_D365/checkpoint.pth
Epoch 16/100 | Train Loss: 0.034774 | Val Loss: 0.149152
Checkpoint saved to /ibex/project/c2266/wkkong/data/CAEMLSH/data_workstation/CAMELSH/training_runs/20260407_mtslstm_100stations_tuning_topo18_v100/idx12_bs256_do0.4_hs256_H168_D365/checkpoint.pth
Epoch 17/100 | Train Loss: 0.034038 | Val Loss: 0.148095
Checkpoint saved to /ibex/project/c2266/wkkong/data/CAEMLSH/data_workstation/CAMELSH/training_runs/20260407_mtslstm_100stations_tuning_topo18_v100/idx12_bs256_do0.4_hs256_H168_D365/checkpoint.pth
Epoch 18/100 | Train Loss: 0.032209 | Val Loss: 0.152864
Checkpoint saved to /ibex/project/c2266/wkkong/data/CAEMLSH/data_workstation/CAMELSH/training_runs/20260407_mtslstm_100stations_tuning_topo18_v100/idx12_bs256_do0.4_hs256_H168_D365/checkpoint.pth
Epoch 19/100 | Train Loss: 0.031336 | Val Loss: 0.153272
Checkpoint saved to /ibex/project/c2266/wkkong/data/CAEMLSH/data_workstation/CAMELSH/training_runs/20260407_mtslstm_100stations_tuning_topo18_v100/idx12_bs256_do0.4_hs256_H168_D365/checkpoint.pth
Epoch 20/100 | Train Loss: 0.030108 | Val Loss: 0.153958
Checkpoint saved to /ibex/project/c2266/wkkong/data/CAEMLSH/data_workstation/CAMELSH/training_runs/20260407_mtslstm_100stations_tuning_topo18_v100/idx12_bs256_do0.4_hs256_H168_D365/checkpoint.pth
Early stopping triggered.
Training finished.
Model saved to /ibex/project/c2266/wkkong/data/CAEMLSH/data_workstation/CAMELSH/training_runs/20260407_mtslstm_100stations_tuning_topo18_v100/idx12_bs256_do0.4_hs256_H168_D365/model.pth
VAL  median NSE: 0.6943331867648603 median KGE: 0.7254970221649261
TEST median NSE: 0.6911946851712154 median KGE: 0.6762503567650282
