wandb: Currently logged in as: weikang-kong (weikang-kong-kaust) to https://api.wandb.ai. Use `wandb login --relogin` to force relogin
wandb: setting up run rjcgbnrc
wandb: Tracking run with wandb version 0.22.3
wandb: Run data is saved locally in /ibex/project/c2266/wkkong/data/CAEMLSH/data_workstation/CAMELSH/training_runs/wandb/wandb/run-20260407_211317-rjcgbnrc
wandb: Run `wandb offline` to turn off syncing.
wandb: Syncing run mtslstm_100stations_tune_idx1_bs128_do0.4_hs64_H72_D365_1775585595
wandb: ⭐️ View project at https://wandb.ai/weikang-kong-kaust/MTSLSTM_Streamflow
wandb: 🚀 View run at https://wandb.ai/weikang-kong-kaust/MTSLSTM_Streamflow/runs/rjcgbnrc
wandb: updating run metadata
wandb: uploading output.log; uploading wandb-summary.json
wandb: uploading output.log; uploading wandb-summary.json; uploading config.yaml
wandb: uploading wandb-summary.json; uploading config.yaml
wandb: uploading history steps 19-19, summary, console lines 48-49
wandb: 
wandb: Run history:
wandb:              lr █████████▁▁▁▁▁▁▁▁▁▁▁
wandb: test/median_kge ▁
wandb: test/median_nse ▁
wandb:      train_loss █▃▂▂▂▂▂▂▂▁▁▁▁▁▁▁▁▁▁▁
wandb:  val/median_kge ▁
wandb:  val/median_nse ▁
wandb:        val_loss ▄██▅▃▂▂▆▂▁▁▂▂▇▃▂▂▂▂▂
wandb: 
wandb: Run summary:
wandb:              lr 0.0001
wandb: test/median_kge 0.71802
wandb: test/median_nse 0.69112
wandb:      train_loss 0.04494
wandb:  val/median_kge 0.76689
wandb:  val/median_nse 0.69337
wandb:        val_loss 0.14575
wandb: 
wandb: 🚀 View run mtslstm_100stations_tune_idx1_bs128_do0.4_hs64_H72_D365_1775585595 at: https://wandb.ai/weikang-kong-kaust/MTSLSTM_Streamflow/runs/rjcgbnrc
wandb: ⭐️ View project at: https://wandb.ai/weikang-kong-kaust/MTSLSTM_Streamflow
wandb: Synced 5 W&B file(s), 0 media file(s), 0 artifact file(s) and 0 other file(s)
wandb: Find logs at: /ibex/project/c2266/wkkong/data/CAEMLSH/data_workstation/CAMELSH/training_runs/wandb/wandb/run-20260407_211317-rjcgbnrc/logs
