W&B online. Running your script from this directory will now sync to the cloud.
Using device: cuda
Run hparams: {'lookback_hourly': 168, 'lookback_daily': 365, 'batch_size': 256, 'hidden_size_daily': 64, 'hidden_size_hourly': 64, 'num_layers': 1, 'dropout': 0.6, 'lr': 0.0005, 'lr_schedule': '1:5e-4,10:1e-4,25:5e-5', 'epochs': 100, 'loss': 'nse_loss', 'reg_lambda': 1.0, 'early_stopping': True, 'patience': 10}
Aliased 90 station IDs in static features: 03535400, 01409000, 03262700, 0204382800, 01605500, 03288200, 03168000, 01486500, 01613050, 03201980 ...
Total valid samples: 5754695
Total valid samples: 2514258
Total valid samples: 3803952
Epoch 1/100 | Train Loss: 0.789708 | Val Loss: 0.223449
Best model saved.
Checkpoint saved to /ibex/project/c2266/wkkong/data/CAEMLSH/data_workstation/CAMELSH/training_runs/20260407_mtslstm_100stations_tuning_topo18_v100/idx5_bs256_do0.6_hs64_H168_D365/checkpoint.pth
Epoch 2/100 | Train Loss: 0.243452 | Val Loss: 0.165069
Best model saved.
Checkpoint saved to /ibex/project/c2266/wkkong/data/CAEMLSH/data_workstation/CAMELSH/training_runs/20260407_mtslstm_100stations_tuning_topo18_v100/idx5_bs256_do0.6_hs64_H168_D365/checkpoint.pth
Epoch 3/100 | Train Loss: 0.170880 | Val Loss: 0.165079
Checkpoint saved to /ibex/project/c2266/wkkong/data/CAEMLSH/data_workstation/CAMELSH/training_runs/20260407_mtslstm_100stations_tuning_topo18_v100/idx5_bs256_do0.6_hs64_H168_D365/checkpoint.pth
Epoch 4/100 | Train Loss: 0.145857 | Val Loss: 0.138308
Best model saved.
Checkpoint saved to /ibex/project/c2266/wkkong/data/CAEMLSH/data_workstation/CAMELSH/training_runs/20260407_mtslstm_100stations_tuning_topo18_v100/idx5_bs256_do0.6_hs64_H168_D365/checkpoint.pth
Epoch 5/100 | Train Loss: 0.129808 | Val Loss: 0.144286
Checkpoint saved to /ibex/project/c2266/wkkong/data/CAEMLSH/data_workstation/CAMELSH/training_runs/20260407_mtslstm_100stations_tuning_topo18_v100/idx5_bs256_do0.6_hs64_H168_D365/checkpoint.pth
Epoch 6/100 | Train Loss: 0.120412 | Val Loss: 0.134664
Best model saved.
Checkpoint saved to /ibex/project/c2266/wkkong/data/CAEMLSH/data_workstation/CAMELSH/training_runs/20260407_mtslstm_100stations_tuning_topo18_v100/idx5_bs256_do0.6_hs64_H168_D365/checkpoint.pth
Epoch 7/100 | Train Loss: 0.111580 | Val Loss: 0.143649
Checkpoint saved to /ibex/project/c2266/wkkong/data/CAEMLSH/data_workstation/CAMELSH/training_runs/20260407_mtslstm_100stations_tuning_topo18_v100/idx5_bs256_do0.6_hs64_H168_D365/checkpoint.pth
Epoch 8/100 | Train Loss: 0.107416 | Val Loss: 0.150546
Checkpoint saved to /ibex/project/c2266/wkkong/data/CAEMLSH/data_workstation/CAMELSH/training_runs/20260407_mtslstm_100stations_tuning_topo18_v100/idx5_bs256_do0.6_hs64_H168_D365/checkpoint.pth
Epoch 9/100 | Train Loss: 0.101004 | Val Loss: 0.150686
Checkpoint saved to /ibex/project/c2266/wkkong/data/CAEMLSH/data_workstation/CAMELSH/training_runs/20260407_mtslstm_100stations_tuning_topo18_v100/idx5_bs256_do0.6_hs64_H168_D365/checkpoint.pth
Epoch 10/100 | Train Loss: 0.074262 | Val Loss: 0.140665
Checkpoint saved to /ibex/project/c2266/wkkong/data/CAEMLSH/data_workstation/CAMELSH/training_runs/20260407_mtslstm_100stations_tuning_topo18_v100/idx5_bs256_do0.6_hs64_H168_D365/checkpoint.pth
Epoch 11/100 | Train Loss: 0.072074 | Val Loss: 0.139863
Checkpoint saved to /ibex/project/c2266/wkkong/data/CAEMLSH/data_workstation/CAMELSH/training_runs/20260407_mtslstm_100stations_tuning_topo18_v100/idx5_bs256_do0.6_hs64_H168_D365/checkpoint.pth
Epoch 12/100 | Train Loss: 0.068884 | Val Loss: 0.146005
Checkpoint saved to /ibex/project/c2266/wkkong/data/CAEMLSH/data_workstation/CAMELSH/training_runs/20260407_mtslstm_100stations_tuning_topo18_v100/idx5_bs256_do0.6_hs64_H168_D365/checkpoint.pth
Epoch 13/100 | Train Loss: 0.067422 | Val Loss: 0.145551
Checkpoint saved to /ibex/project/c2266/wkkong/data/CAEMLSH/data_workstation/CAMELSH/training_runs/20260407_mtslstm_100stations_tuning_topo18_v100/idx5_bs256_do0.6_hs64_H168_D365/checkpoint.pth
Epoch 14/100 | Train Loss: 0.065899 | Val Loss: 0.145032
Checkpoint saved to /ibex/project/c2266/wkkong/data/CAEMLSH/data_workstation/CAMELSH/training_runs/20260407_mtslstm_100stations_tuning_topo18_v100/idx5_bs256_do0.6_hs64_H168_D365/checkpoint.pth
Epoch 15/100 | Train Loss: 0.064618 | Val Loss: 0.149243
Checkpoint saved to /ibex/project/c2266/wkkong/data/CAEMLSH/data_workstation/CAMELSH/training_runs/20260407_mtslstm_100stations_tuning_topo18_v100/idx5_bs256_do0.6_hs64_H168_D365/checkpoint.pth
Epoch 16/100 | Train Loss: 0.062791 | Val Loss: 0.143844
Checkpoint saved to /ibex/project/c2266/wkkong/data/CAEMLSH/data_workstation/CAMELSH/training_runs/20260407_mtslstm_100stations_tuning_topo18_v100/idx5_bs256_do0.6_hs64_H168_D365/checkpoint.pth
Early stopping triggered.
Training finished.
Model saved to /ibex/project/c2266/wkkong/data/CAEMLSH/data_workstation/CAMELSH/training_runs/20260407_mtslstm_100stations_tuning_topo18_v100/idx5_bs256_do0.6_hs64_H168_D365/model.pth
VAL  median NSE: 0.7086390990180764 median KGE: 0.7284413037211749
TEST median NSE: 0.6713487504048061 median KGE: 0.6723818925388332
