W&B online. Running your script from this directory will now sync to the cloud.
Using device: cuda
Run hparams: {'lookback_hourly': 72, 'lookback_daily': 365, 'batch_size': 128, 'hidden_size_daily': 64, 'hidden_size_hourly': 64, 'num_layers': 1, 'dropout': 0.4, 'lr': 0.0005, 'lr_schedule': '1:5e-4,10:1e-4,25:5e-5', 'epochs': 100, 'loss': 'nse_loss', 'reg_lambda': 1.0, 'early_stopping': True, 'patience': 10}
Aliased 90 station IDs in static features: 03535400, 01409000, 03262700, 0204382800, 01605500, 03288200, 03168000, 01486500, 01613050, 03201980 ...
Total valid samples: 5754695
Total valid samples: 2514258
Total valid samples: 3803952
Epoch 1/100 | Train Loss: 0.536739 | Val Loss: 0.173647
Best model saved.
Checkpoint saved to /ibex/project/c2266/wkkong/data/CAEMLSH/data_workstation/CAMELSH/training_runs/20260407_mtslstm_100stations_tuning_topo18_v100/idx1_bs128_do0.4_hs64_H72_D365/checkpoint.pth
Epoch 2/100 | Train Loss: 0.174258 | Val Loss: 0.222553
Checkpoint saved to /ibex/project/c2266/wkkong/data/CAEMLSH/data_workstation/CAMELSH/training_runs/20260407_mtslstm_100stations_tuning_topo18_v100/idx1_bs128_do0.4_hs64_H72_D365/checkpoint.pth
Epoch 3/100 | Train Loss: 0.140919 | Val Loss: 0.222834
Checkpoint saved to /ibex/project/c2266/wkkong/data/CAEMLSH/data_workstation/CAMELSH/training_runs/20260407_mtslstm_100stations_tuning_topo18_v100/idx1_bs128_do0.4_hs64_H72_D365/checkpoint.pth
Epoch 4/100 | Train Loss: 0.124236 | Val Loss: 0.190299
Checkpoint saved to /ibex/project/c2266/wkkong/data/CAEMLSH/data_workstation/CAMELSH/training_runs/20260407_mtslstm_100stations_tuning_topo18_v100/idx1_bs128_do0.4_hs64_H72_D365/checkpoint.pth
Epoch 5/100 | Train Loss: 0.112610 | Val Loss: 0.166639
Best model saved.
Checkpoint saved to /ibex/project/c2266/wkkong/data/CAEMLSH/data_workstation/CAMELSH/training_runs/20260407_mtslstm_100stations_tuning_topo18_v100/idx1_bs128_do0.4_hs64_H72_D365/checkpoint.pth
Epoch 6/100 | Train Loss: 0.104117 | Val Loss: 0.154861
Best model saved.
Checkpoint saved to /ibex/project/c2266/wkkong/data/CAEMLSH/data_workstation/CAMELSH/training_runs/20260407_mtslstm_100stations_tuning_topo18_v100/idx1_bs128_do0.4_hs64_H72_D365/checkpoint.pth
Epoch 7/100 | Train Loss: 0.098299 | Val Loss: 0.156288
Checkpoint saved to /ibex/project/c2266/wkkong/data/CAEMLSH/data_workstation/CAMELSH/training_runs/20260407_mtslstm_100stations_tuning_topo18_v100/idx1_bs128_do0.4_hs64_H72_D365/checkpoint.pth
Epoch 8/100 | Train Loss: 0.090643 | Val Loss: 0.201869
Checkpoint saved to /ibex/project/c2266/wkkong/data/CAEMLSH/data_workstation/CAMELSH/training_runs/20260407_mtslstm_100stations_tuning_topo18_v100/idx1_bs128_do0.4_hs64_H72_D365/checkpoint.pth
Epoch 9/100 | Train Loss: 0.087754 | Val Loss: 0.148008
Best model saved.
Checkpoint saved to /ibex/project/c2266/wkkong/data/CAEMLSH/data_workstation/CAMELSH/training_runs/20260407_mtslstm_100stations_tuning_topo18_v100/idx1_bs128_do0.4_hs64_H72_D365/checkpoint.pth
Epoch 10/100 | Train Loss: 0.060249 | Val Loss: 0.138847
Best model saved.
Checkpoint saved to /ibex/project/c2266/wkkong/data/CAEMLSH/data_workstation/CAMELSH/training_runs/20260407_mtslstm_100stations_tuning_topo18_v100/idx1_bs128_do0.4_hs64_H72_D365/checkpoint.pth
Epoch 11/100 | Train Loss: 0.056135 | Val Loss: 0.144528
Checkpoint saved to /ibex/project/c2266/wkkong/data/CAEMLSH/data_workstation/CAMELSH/training_runs/20260407_mtslstm_100stations_tuning_topo18_v100/idx1_bs128_do0.4_hs64_H72_D365/checkpoint.pth
Epoch 12/100 | Train Loss: 0.053074 | Val Loss: 0.146502
Checkpoint saved to /ibex/project/c2266/wkkong/data/CAEMLSH/data_workstation/CAMELSH/training_runs/20260407_mtslstm_100stations_tuning_topo18_v100/idx1_bs128_do0.4_hs64_H72_D365/checkpoint.pth
Epoch 13/100 | Train Loss: 0.051441 | Val Loss: 0.146151
Checkpoint saved to /ibex/project/c2266/wkkong/data/CAEMLSH/data_workstation/CAMELSH/training_runs/20260407_mtslstm_100stations_tuning_topo18_v100/idx1_bs128_do0.4_hs64_H72_D365/checkpoint.pth
Epoch 14/100 | Train Loss: 0.050048 | Val Loss: 0.216535
Checkpoint saved to /ibex/project/c2266/wkkong/data/CAEMLSH/data_workstation/CAMELSH/training_runs/20260407_mtslstm_100stations_tuning_topo18_v100/idx1_bs128_do0.4_hs64_H72_D365/checkpoint.pth
Epoch 15/100 | Train Loss: 0.048950 | Val Loss: 0.159614
Checkpoint saved to /ibex/project/c2266/wkkong/data/CAEMLSH/data_workstation/CAMELSH/training_runs/20260407_mtslstm_100stations_tuning_topo18_v100/idx1_bs128_do0.4_hs64_H72_D365/checkpoint.pth
Epoch 16/100 | Train Loss: 0.048050 | Val Loss: 0.145346
Checkpoint saved to /ibex/project/c2266/wkkong/data/CAEMLSH/data_workstation/CAMELSH/training_runs/20260407_mtslstm_100stations_tuning_topo18_v100/idx1_bs128_do0.4_hs64_H72_D365/checkpoint.pth
Epoch 17/100 | Train Loss: 0.048949 | Val Loss: 0.148110
Checkpoint saved to /ibex/project/c2266/wkkong/data/CAEMLSH/data_workstation/CAMELSH/training_runs/20260407_mtslstm_100stations_tuning_topo18_v100/idx1_bs128_do0.4_hs64_H72_D365/checkpoint.pth
Epoch 18/100 | Train Loss: 0.045523 | Val Loss: 0.147483
Checkpoint saved to /ibex/project/c2266/wkkong/data/CAEMLSH/data_workstation/CAMELSH/training_runs/20260407_mtslstm_100stations_tuning_topo18_v100/idx1_bs128_do0.4_hs64_H72_D365/checkpoint.pth
Epoch 19/100 | Train Loss: 0.045244 | Val Loss: 0.151804
Checkpoint saved to /ibex/project/c2266/wkkong/data/CAEMLSH/data_workstation/CAMELSH/training_runs/20260407_mtslstm_100stations_tuning_topo18_v100/idx1_bs128_do0.4_hs64_H72_D365/checkpoint.pth
Epoch 20/100 | Train Loss: 0.044941 | Val Loss: 0.145745
Checkpoint saved to /ibex/project/c2266/wkkong/data/CAEMLSH/data_workstation/CAMELSH/training_runs/20260407_mtslstm_100stations_tuning_topo18_v100/idx1_bs128_do0.4_hs64_H72_D365/checkpoint.pth
Early stopping triggered.
Training finished.
Model saved to /ibex/project/c2266/wkkong/data/CAEMLSH/data_workstation/CAMELSH/training_runs/20260407_mtslstm_100stations_tuning_topo18_v100/idx1_bs128_do0.4_hs64_H72_D365/model.pth
VAL  median NSE: 0.6933746159862342 median KGE: 0.7668898817939812
TEST median NSE: 0.6911211156350916 median KGE: 0.7180201598165451
