wandb: Currently logged in as: weikang-kong (weikang-kong-kaust) to https://api.wandb.ai. Use `wandb login --relogin` to force relogin
wandb: setting up run rqs3hmly
wandb: Tracking run with wandb version 0.22.3
wandb: Run data is saved locally in /ibex/project/c2266/wkkong/data/CAEMLSH/data_workstation/CAMELSH/training_runs/wandb/wandb/run-20260408_032617-rqs3hmly
wandb: Run `wandb offline` to turn off syncing.
wandb: Syncing run mtslstm_100stations_tune_idx5_bs256_do0.6_hs64_H168_D365_1775607975
wandb: ⭐️ View project at https://wandb.ai/weikang-kong-kaust/MTSLSTM_Streamflow
wandb: 🚀 View run at https://wandb.ai/weikang-kong-kaust/MTSLSTM_Streamflow/runs/rqs3hmly
wandb: updating run metadata
wandb: uploading wandb-summary.json; uploading output.log
wandb: uploading wandb-summary.json; uploading output.log; uploading config.yaml
wandb: uploading history steps 15-15, summary, console lines 39-40
wandb: uploading data
wandb: 
wandb: Run history:
wandb:              lr █████████▁▁▁▁▁▁▁
wandb: test/median_kge ▁
wandb: test/median_nse ▁
wandb:      train_loss █▃▂▂▂▂▁▁▁▁▁▁▁▁▁▁
wandb:  val/median_kge ▁
wandb:  val/median_nse ▁
wandb:        val_loss █▃▃▁▂▁▂▂▂▁▁▂▂▂▂▂
wandb: 
wandb: Run summary:
wandb:              lr 0.0001
wandb: test/median_kge 0.67238
wandb: test/median_nse 0.67135
wandb:      train_loss 0.06279
wandb:  val/median_kge 0.72844
wandb:  val/median_nse 0.70864
wandb:        val_loss 0.14384
wandb: 
wandb: 🚀 View run mtslstm_100stations_tune_idx5_bs256_do0.6_hs64_H168_D365_1775607975 at: https://wandb.ai/weikang-kong-kaust/MTSLSTM_Streamflow/runs/rqs3hmly
wandb: ⭐️ View project at: https://wandb.ai/weikang-kong-kaust/MTSLSTM_Streamflow
wandb: Synced 5 W&B file(s), 0 media file(s), 0 artifact file(s) and 0 other file(s)
wandb: Find logs at: /ibex/project/c2266/wkkong/data/CAEMLSH/data_workstation/CAMELSH/training_runs/wandb/wandb/run-20260408_032617-rqs3hmly/logs
